[37m
[37m
==================[37m=[37m=====================
ESP32 TLV320ADC3101 + I2S Test
========[37m=============================[37m=[37m==

[37mI[37m2[37mC[37m Initialized
  SDA: GPIO25, SCL: GPIO26, Freq:[37m 400 kHz

Scanning I2C bus...
[37m [37m 0x18 (ADC2)
  0x1A (ADC1)
[37m [37m [37m0[37mx39
  0x3F
[37mF[37mou[37mn[37md 4 devices

--- Configuring ADC1 (0x1A) ---
[37m[37m[37m✓ Configuration successful (0 errors)

--- Confi[37mg[37muring ADC2 (0x18) ---
[37m[37m✓[37m [37mConfiguration successful (0 errors)

=== I2S Con[37mf[37miguration ===
✓ I2S initialized[37m [37msuccessfully
  Sample Rate: 48000 Hz
  BCK: GPIO32, WS: GPIO33[37m, DIN: GPIO13

✓ Setup complete! Waiting for ADCs to stabilize...
[37m
[37m▶[37m [37mStarting I2S audio test (every 3 seconds)...

