[37m[[37m    36][E][HardwareSerial.cpp:543] set[37mT[37mxBufferSize(): TX Buffer can't be resized when Serial is alread[37my running. Set it before call[37mi[37mng begin().


========================================
ESP32 Au[37mdio Recorder - Original Config
[37m========================================

[37mC[37monfiguring ADC...
[37m[37m✓ Configuration written

Configuring ADC...
[37m[37m[37m✓ Configuration written

Setting up I2S...
[37m[37m✓ I2S initiali[37mz[37med

[37m
[37m========== I2S AUDIO TEST ==========
Read[37m [37m256 bytes

First 32 samples analysis:
  All zeros: 0
  All ones[37m (0xFFFFFFFF): 32
  Varying v[37malues: 0
  Min: 0xFFFFFFFF (-1)
  Max: 0xFFFFFFFF (-1)

First 16 raw samples (32-bit):
  [ 0]: 0xFFFFFFFF (-1)
  [ 1]: 0xFFFFFFFF (-1)
  [ 2]: 0xFFFFFFFF (-1)
  [ 3]: 0xFFFFFFFF (-1)
  [ 4]: 0xFFFFFFFF (-1)
  [ 5]: 0xFFFFFFFF (-1)
  [ 6]: 0xFFFFFFFF (-1)
  [ 7]: 0xFFFFFFFF (-1)
  [ 8]: 0xFFFFFFFF (-1)
  [ 9]: 0xFFFFFFFF (-1)
  [10]: 0xFFFFFFFF (-1)
  [11]: 0xFFFFFFFF (-1)
  [12]: 0xFFFFFFFF (-1)
  [13]: 0xFFFFFFFF (-1)
  [14]: 0xFFFFFFFF (-1)
  [15]: 0xFFFFFFFF (-1)

❌ ADC NOT SENDING DATA!
   All samples are 0xFFFFFFFF (-1)
   Possible causes:
   1. DOUT pin not connected (GPIO 13)
   2. ADC not powered
   3. DOUT not enabled in ADC
====================================

[37m
[37m=[37m========= REGISTER VERIFICATION ==========[37m
[37m[37m❌[37m Page 0 Reg 18: Expected 0x[37m8[37m8, got 0xFF
[37m[37m❌ Page 0 Reg 19: Expected 0x82, got 0x[37mF[37mF
[37m[37m[37m❌ Page 0 Reg 20: Expected 0x80, got 0xFF
[37m[37m❌ Page 0 Reg 27: Exp[37me[37mcted 0x31, got 0xFF
